[debug] [2019-09-17T09:28:14.844Z] ----------------------------------------------------------------------
[debug] [2019-09-17T09:28:14.846Z] Command:       C:\Program Files\nodejs\node.exe C:\Users\gifpe\AppData\Roaming\npm\node_modules\firebase-tools\lib\bin\firebase.js deploy --only functions
[debug] [2019-09-17T09:28:14.847Z] CLI Version:   6.10.0
[debug] [2019-09-17T09:28:14.847Z] Platform:      win32
[debug] [2019-09-17T09:28:14.847Z] Node Version:  v8.12.0
[debug] [2019-09-17T09:28:14.848Z] Time:          Tue Sep 17 2019 10:28:14 GMT+0100 (Hora de Verão de GMT)
[debug] [2019-09-17T09:28:14.848Z] ----------------------------------------------------------------------
[debug] 
[debug] [2019-09-17T09:28:14.858Z] > command requires scopes: ["email","openid","https://www.googleapis.com/auth/cloudplatformprojects.readonly","https://www.googleapis.com/auth/firebase","https://www.googleapis.com/auth/cloud-platform"]
[debug] [2019-09-17T09:28:14.858Z] > authorizing via signed-in user
[debug] [2019-09-17T09:28:14.858Z] [iam] checking project tese-ipca-solidao-10933 for permissions ["cloudfunctions.functions.create","cloudfunctions.functions.delete","cloudfunctions.functions.get","cloudfunctions.functions.list","cloudfunctions.functions.update","cloudfunctions.operations.get","firebase.projects.get"]
[debug] [2019-09-17T09:28:14.860Z] >>> HTTP REQUEST POST https://cloudresourcemanager.googleapis.com/v1/projects/tese-ipca-solidao-10933:testIamPermissions  

[debug] [2019-09-17T09:28:15.968Z] <<< HTTP RESPONSE 200
[warn] !  functions: package.json indicates an outdated version of firebase-functions.
 Please upgrade using npm install --save firebase-functions@latest in your functions directory.
[info] 
[info] === Deploying to 'tese-ipca-solidao-10933'...
[info] 
[info] i  deploying functions
[info] Running command: npm --prefix "$RESOURCE_DIR" run lint
[info] +  functions: Finished running predeploy script.
[debug] [2019-09-17T09:28:20.281Z] > [functions] package.json contents: {
  "name": "functions",
  "description": "Cloud Functions for Firebase",
  "scripts": {
    "lint": "eslint .",
    "serve": "firebase serve --only functions",
    "shell": "firebase functions:shell",
    "start": "npm run shell",
    "deploy": "firebase deploy --only functions",
    "logs": "firebase functions:log"
  },
  "engines": {
    "node": "8"
  },
  "dependencies": {
    "firebase-admin": "~7.0.0",
    "firebase-functions": "^2.3.0"
  },
  "devDependencies": {
    "eslint": "^5.12.0",
    "eslint-plugin-promise": "^4.0.1",
    "firebase-functions-test": "^0.1.6"
  },
  "private": true
}
[info] i  functions: ensuring necessary APIs are enabled...
[debug] [2019-09-17T09:28:20.284Z] >>> HTTP REQUEST GET https://servicemanagement.googleapis.com/v1/services/cloudfunctions.googleapis.com/projectSettings/tese-ipca-solidao-10933?view=CONSUMER_VIEW  
 
[debug] [2019-09-17T09:28:20.285Z] >>> HTTP REQUEST GET https://servicemanagement.googleapis.com/v1/services/runtimeconfig.googleapis.com/projectSettings/tese-ipca-solidao-10933?view=CONSUMER_VIEW  
 
[debug] [2019-09-17T09:28:21.893Z] <<< HTTP RESPONSE 200
[debug] [2019-09-17T09:28:22.264Z] <<< HTTP RESPONSE 200
[info] +  functions: all necessary APIs are enabled
[debug] [2019-09-17T09:28:22.266Z] >>> HTTP REQUEST GET https://cloudresourcemanager.googleapis.com/v1/projects/tese-ipca-solidao-10933  
 
[debug] [2019-09-17T09:28:23.214Z] <<< HTTP RESPONSE 200
[debug] [2019-09-17T09:28:23.214Z] >>> HTTP REQUEST GET https://mobilesdk-pa.googleapis.com/v1/projects/732904564499:getServerAppConfig  
 
[debug] [2019-09-17T09:28:23.648Z] <<< HTTP RESPONSE 200
[info] i  functions: preparing functions directory for uploading...
[debug] [2019-09-17T09:28:23.651Z] >>> HTTP REQUEST GET https://runtimeconfig.googleapis.com/v1beta1/projects/tese-ipca-solidao-10933/configs  
 
[debug] [2019-09-17T09:28:24.229Z] <<< HTTP RESPONSE 200
[info] i  functions: packaged functions (41.91 KB) for uploading
[debug] [2019-09-17T09:28:24.577Z] >>> HTTP REQUEST POST https://cloudfunctions.googleapis.com/v1/projects/tese-ipca-solidao-10933/locations/us-central1/functions:generateUploadUrl  
 
[debug] [2019-09-17T09:28:25.485Z] <<< HTTP RESPONSE 200
[debug] [2019-09-17T09:28:25.486Z] >>> HTTP REQUEST PUT https://storage.googleapis.com/gcf-upload-us-central1-ea7bb63c-f081-44c9-95d2-0700fcf0b096/36207b70-0dbc-46ae-af7f-590f2bece333.zip?GoogleAccessId=service-732904564499@gcf-admin-robot.iam.gserviceaccount.com&Expires=1568714304&Signature=Hns1oJ4pghz9WpZOg%2FT0twVqxaqUu%2Bl0nbddNPUnYAbpf0DbKuIyxgchrHWwkgtDKgr3M0Q5ydoyq7kOAd%2Bk5GCbGlVuxFTNPOvTxC4wqLZBPmfL6G3Wa0v1%2FZAnXj1nNwTm%2BiYJC7jdNr8B4XUL4Q2pA1OBfUHkxUdnKr2Pb6%2B36Cwe%2Fp36WlJ3XEkrtT%2FQQ%2BJToeFaDEuY24e4y24xnNpZY4uga7xY801n%2BhceLd2IP1rkyunOAxRuQCjaYcAmlWg796UbQv6vx6teGZwnPd1ac%2BNno%2Bx252UBYXsjVJtaQ4TWqzftdwXCD1QMZgTN0TQKhagkNDRvshXkM7Xgbg%3D%3D  

[debug] [2019-09-17T09:28:26.177Z] <<< HTTP RESPONSE 200
[info] +  functions: functions folder uploaded successfully
[debug] [2019-09-17T09:28:26.181Z] >>> HTTP REQUEST GET https://cloudfunctions.googleapis.com/v1/projects/tese-ipca-solidao-10933/locations/-/functions  
 
[debug] [2019-09-17T09:28:26.709Z] <<< HTTP RESPONSE 200
[info] i  functions: creating Node.js 8 function sendNotificationsAnimador(us-central1)...
[debug] [2019-09-17T09:28:26.712Z] Trigger is:  {"eventTrigger":{"resource":"projects/_/instances/tese-ipca-solidao-10933/refs/ProjetoSolidao/{userID}/{nif}/{pushId}","eventType":"providers/google.firebase.database/eventTypes/ref.write","service":"firebaseio.com"}}
[info] 
The following functions are found in your project but do not exist in your local source code:
	sendNotification(us-central1)

If you are renaming a function or changing its region, it is recommended that you create the new function first before deleting the old one to prevent event loss. For more info, visit https://firebase.google.com/docs/functions/manage-functions#modify

